I, [2019-04-23T12:10:32.642608 #4202]  INFO -- : [0f769a6e-a892-4a9e-a5ce-997194ba3417] Started GET "/" for 127.0.0.1 at 2019-04-23 12:10:32 +0700
F, [2019-04-23T12:10:32.655467 #4202] FATAL -- : [0f769a6e-a892-4a9e-a5ce-997194ba3417]   
F, [2019-04-23T12:10:32.655903 #4202] FATAL -- : [0f769a6e-a892-4a9e-a5ce-997194ba3417] ActionController::RoutingError (uninitialized constant StaticPagesController):
F, [2019-04-23T12:10:32.656039 #4202] FATAL -- : [0f769a6e-a892-4a9e-a5ce-997194ba3417]   
F, [2019-04-23T12:10:32.656163 #4202] FATAL -- : [0f769a6e-a892-4a9e-a5ce-997194ba3417] activesupport (5.2.3) lib/active_support/inflector/methods.rb:283:in `const_get'
[0f769a6e-a892-4a9e-a5ce-997194ba3417] activesupport (5.2.3) lib/active_support/inflector/methods.rb:283:in `block in constantize'
[0f769a6e-a892-4a9e-a5ce-997194ba3417] activesupport (5.2.3) lib/active_support/inflector/methods.rb:281:in `each'
[0f769a6e-a892-4a9e-a5ce-997194ba3417] activesupport (5.2.3) lib/active_support/inflector/methods.rb:281:in `inject'
[0f769a6e-a892-4a9e-a5ce-997194ba3417] activesupport (5.2.3) lib/active_support/inflector/methods.rb:281:in `constantize'
[0f769a6e-a892-4a9e-a5ce-997194ba3417] activesupport (5.2.3) lib/active_support/dependencies.rb:582:in `get'
[0f769a6e-a892-4a9e-a5ce-997194ba3417] activesupport (5.2.3) lib/active_support/dependencies.rb:613:in `constantize'
[0f769a6e-a892-4a9e-a5ce-997194ba3417] actionpack (5.2.3) lib/action_dispatch/http/request.rb:88:in `controller_class_for'
[0f769a6e-a892-4a9e-a5ce-997194ba3417] actionpack (5.2.3) lib/action_dispatch/http/request.rb:81:in `controller_class'
[0f769a6e-a892-4a9e-a5ce-997194ba3417] actionpack (5.2.3) lib/action_dispatch/routing/route_set.rb:46:in `controller'
[0f769a6e-a892-4a9e-a5ce-997194ba3417] actionpack (5.2.3) lib/action_dispatch/routing/route_set.rb:32:in `serve'
[0f769a6e-a892-4a9e-a5ce-997194ba3417] actionpack (5.2.3) lib/action_dispatch/journey/router.rb:52:in `block in serve'
[0f769a6e-a892-4a9e-a5ce-997194ba3417] actionpack (5.2.3) lib/action_dispatch/journey/router.rb:35:in `each'
[0f769a6e-a892-4a9e-a5ce-997194ba3417] actionpack (5.2.3) lib/action_dispatch/journey/router.rb:35:in `serve'
[0f769a6e-a892-4a9e-a5ce-997194ba3417] actionpack (5.2.3) lib/action_dispatch/routing/route_set.rb:840:in `call'
[0f769a6e-a892-4a9e-a5ce-997194ba3417] rack (2.0.7) lib/rack/tempfile_reaper.rb:15:in `call'
[0f769a6e-a892-4a9e-a5ce-997194ba3417] rack (2.0.7) lib/rack/etag.rb:25:in `call'
[0f769a6e-a892-4a9e-a5ce-997194ba3417] rack (2.0.7) lib/rack/conditional_get.rb:25:in `call'
[0f769a6e-a892-4a9e-a5ce-997194ba3417] rack (2.0.7) lib/rack/head.rb:12:in `call'
[0f769a6e-a892-4a9e-a5ce-997194ba3417] actionpack (5.2.3) lib/action_dispatch/http/content_security_policy.rb:18:in `call'
[0f769a6e-a892-4a9e-a5ce-997194ba3417] rack (2.0.7) lib/rack/session/abstract/id.rb:232:in `context'
[0f769a6e-a892-4a9e-a5ce-997194ba3417] rack (2.0.7) lib/rack/session/abstract/id.rb:226:in `call'
[0f769a6e-a892-4a9e-a5ce-997194ba3417] actionpack (5.2.3) lib/action_dispatch/middleware/cookies.rb:670:in `call'
[0f769a6e-a892-4a9e-a5ce-997194ba3417] actionpack (5.2.3) lib/action_dispatch/middleware/callbacks.rb:28:in `block in call'
[0f769a6e-a892-4a9e-a5ce-997194ba3417] activesupport (5.2.3) lib/active_support/callbacks.rb:98:in `run_callbacks'
[0f769a6e-a892-4a9e-a5ce-997194ba3417] actionpack (5.2.3) lib/action_dispatch/middleware/callbacks.rb:26:in `call'
[0f769a6e-a892-4a9e-a5ce-997194ba3417] actionpack (5.2.3) lib/action_dispatch/middleware/debug_exceptions.rb:61:in `call'
[0f769a6e-a892-4a9e-a5ce-997194ba3417] actionpack (5.2.3) lib/action_dispatch/middleware/show_exceptions.rb:33:in `call'
[0f769a6e-a892-4a9e-a5ce-997194ba3417] railties (5.2.3) lib/rails/rack/logger.rb:38:in `call_app'
[0f769a6e-a892-4a9e-a5ce-997194ba3417] railties (5.2.3) lib/rails/rack/logger.rb:26:in `block in call'
[0f769a6e-a892-4a9e-a5ce-997194ba3417] activesupport (5.2.3) lib/active_support/tagged_logging.rb:71:in `block in tagged'
[0f769a6e-a892-4a9e-a5ce-997194ba3417] activesupport (5.2.3) lib/active_support/tagged_logging.rb:28:in `tagged'
[0f769a6e-a892-4a9e-a5ce-997194ba3417] activesupport (5.2.3) lib/active_support/tagged_logging.rb:71:in `tagged'
[0f769a6e-a892-4a9e-a5ce-997194ba3417] railties (5.2.3) lib/rails/rack/logger.rb:26:in `call'
[0f769a6e-a892-4a9e-a5ce-997194ba3417] actionpack (5.2.3) lib/action_dispatch/middleware/remote_ip.rb:81:in `call'
[0f769a6e-a892-4a9e-a5ce-997194ba3417] actionpack (5.2.3) lib/action_dispatch/middleware/request_id.rb:27:in `call'
[0f769a6e-a892-4a9e-a5ce-997194ba3417] rack (2.0.7) lib/rack/method_override.rb:22:in `call'
[0f769a6e-a892-4a9e-a5ce-997194ba3417] rack (2.0.7) lib/rack/runtime.rb:22:in `call'
[0f769a6e-a892-4a9e-a5ce-997194ba3417] activesupport (5.2.3) lib/active_support/cache/strategy/local_cache_middleware.rb:29:in `call'
[0f769a6e-a892-4a9e-a5ce-997194ba3417] actionpack (5.2.3) lib/action_dispatch/middleware/executor.rb:14:in `call'
[0f769a6e-a892-4a9e-a5ce-997194ba3417] rack (2.0.7) lib/rack/sendfile.rb:111:in `call'
[0f769a6e-a892-4a9e-a5ce-997194ba3417] railties (5.2.3) lib/rails/engine.rb:524:in `call'
[0f769a6e-a892-4a9e-a5ce-997194ba3417] puma (3.12.1) lib/puma/configuration.rb:227:in `call'
[0f769a6e-a892-4a9e-a5ce-997194ba3417] puma (3.12.1) lib/puma/server.rb:660:in `handle_request'
[0f769a6e-a892-4a9e-a5ce-997194ba3417] puma (3.12.1) lib/puma/server.rb:474:in `process_client'
[0f769a6e-a892-4a9e-a5ce-997194ba3417] puma (3.12.1) lib/puma/server.rb:334:in `block in run'
[0f769a6e-a892-4a9e-a5ce-997194ba3417] puma (3.12.1) lib/puma/thread_pool.rb:135:in `block in spawn_thread'
I, [2019-04-23T12:10:32.725444 #4202]  INFO -- : [5ad15a0f-93b3-422d-bb6a-f8b61b6e0be3] Started GET "/favicon.ico" for 127.0.0.1 at 2019-04-23 12:10:32 +0700
F, [2019-04-23T12:10:32.726344 #4202] FATAL -- : [5ad15a0f-93b3-422d-bb6a-f8b61b6e0be3]   
F, [2019-04-23T12:10:32.726417 #4202] FATAL -- : [5ad15a0f-93b3-422d-bb6a-f8b61b6e0be3] ActionController::RoutingError (No route matches [GET] "/favicon.ico"):
F, [2019-04-23T12:10:32.726463 #4202] FATAL -- : [5ad15a0f-93b3-422d-bb6a-f8b61b6e0be3]   
F, [2019-04-23T12:10:32.726524 #4202] FATAL -- : [5ad15a0f-93b3-422d-bb6a-f8b61b6e0be3] actionpack (5.2.3) lib/action_dispatch/middleware/debug_exceptions.rb:65:in `call'
[5ad15a0f-93b3-422d-bb6a-f8b61b6e0be3] actionpack (5.2.3) lib/action_dispatch/middleware/show_exceptions.rb:33:in `call'
[5ad15a0f-93b3-422d-bb6a-f8b61b6e0be3] railties (5.2.3) lib/rails/rack/logger.rb:38:in `call_app'
[5ad15a0f-93b3-422d-bb6a-f8b61b6e0be3] railties (5.2.3) lib/rails/rack/logger.rb:26:in `block in call'
[5ad15a0f-93b3-422d-bb6a-f8b61b6e0be3] activesupport (5.2.3) lib/active_support/tagged_logging.rb:71:in `block in tagged'
[5ad15a0f-93b3-422d-bb6a-f8b61b6e0be3] activesupport (5.2.3) lib/active_support/tagged_logging.rb:28:in `tagged'
[5ad15a0f-93b3-422d-bb6a-f8b61b6e0be3] activesupport (5.2.3) lib/active_support/tagged_logging.rb:71:in `tagged'
[5ad15a0f-93b3-422d-bb6a-f8b61b6e0be3] railties (5.2.3) lib/rails/rack/logger.rb:26:in `call'
[5ad15a0f-93b3-422d-bb6a-f8b61b6e0be3] actionpack (5.2.3) lib/action_dispatch/middleware/remote_ip.rb:81:in `call'
[5ad15a0f-93b3-422d-bb6a-f8b61b6e0be3] actionpack (5.2.3) lib/action_dispatch/middleware/request_id.rb:27:in `call'
[5ad15a0f-93b3-422d-bb6a-f8b61b6e0be3] rack (2.0.7) lib/rack/method_override.rb:22:in `call'
[5ad15a0f-93b3-422d-bb6a-f8b61b6e0be3] rack (2.0.7) lib/rack/runtime.rb:22:in `call'
[5ad15a0f-93b3-422d-bb6a-f8b61b6e0be3] activesupport (5.2.3) lib/active_support/cache/strategy/local_cache_middleware.rb:29:in `call'
[5ad15a0f-93b3-422d-bb6a-f8b61b6e0be3] actionpack (5.2.3) lib/action_dispatch/middleware/executor.rb:14:in `call'
[5ad15a0f-93b3-422d-bb6a-f8b61b6e0be3] rack (2.0.7) lib/rack/sendfile.rb:111:in `call'
[5ad15a0f-93b3-422d-bb6a-f8b61b6e0be3] railties (5.2.3) lib/rails/engine.rb:524:in `call'
[5ad15a0f-93b3-422d-bb6a-f8b61b6e0be3] puma (3.12.1) lib/puma/configuration.rb:227:in `call'
[5ad15a0f-93b3-422d-bb6a-f8b61b6e0be3] puma (3.12.1) lib/puma/server.rb:660:in `handle_request'
[5ad15a0f-93b3-422d-bb6a-f8b61b6e0be3] puma (3.12.1) lib/puma/server.rb:474:in `process_client'
[5ad15a0f-93b3-422d-bb6a-f8b61b6e0be3] puma (3.12.1) lib/puma/server.rb:334:in `block in run'
[5ad15a0f-93b3-422d-bb6a-f8b61b6e0be3] puma (3.12.1) lib/puma/thread_pool.rb:135:in `block in spawn_thread'
D, [2019-04-23T12:10:48.192421 #4298] DEBUG -- :   [1m[35m (0.1ms)[0m  [1m[34mSELECT sqlite_version(*)[0m
D, [2019-04-23T12:10:48.316565 #4298] DEBUG -- :   [1m[35m (124.0ms)[0m  [1m[35mCREATE TABLE "schema_migrations" ("version" varchar NOT NULL PRIMARY KEY)[0m
D, [2019-04-23T12:10:48.428423 #4298] DEBUG -- :   [1m[35m (110.9ms)[0m  [1m[35mCREATE TABLE "ar_internal_metadata" ("key" varchar NOT NULL PRIMARY KEY, "value" varchar, "created_at" datetime NOT NULL, "updated_at" datetime NOT NULL)[0m
D, [2019-04-23T12:10:48.434032 #4298] DEBUG -- :   [1m[36mActiveRecord::InternalMetadata Load (0.2ms)[0m  [1m[34mSELECT  "ar_internal_metadata".* FROM "ar_internal_metadata" WHERE "ar_internal_metadata"."key" = ? LIMIT ?[0m  [["key", "environment"], ["LIMIT", 1]]
D, [2019-04-23T12:10:48.438478 #4298] DEBUG -- :   [1m[35m (0.1ms)[0m  [1m[36mbegin transaction[0m
D, [2019-04-23T12:10:48.439659 #4298] DEBUG -- :   [1m[36mActiveRecord::InternalMetadata Create (0.2ms)[0m  [1m[32mINSERT INTO "ar_internal_metadata" ("key", "value", "created_at", "updated_at") VALUES (?, ?, ?, ?)[0m  [["key", "environment"], ["value", "production"], ["created_at", "2019-04-23 05:10:48.438863"], ["updated_at", "2019-04-23 05:10:48.438863"]]
D, [2019-04-23T12:10:48.519792 #4298] DEBUG -- :   [1m[35m (79.9ms)[0m  [1m[36mcommit transaction[0m
